<?xml version="1.0" encoding="UTF-8"?>
<testsuite name="com.tw.service.input.InputServicelmplTest" tests="5" skipped="0" failures="0" errors="0" timestamp="2017-09-11T15:36:04" hostname="MacBook-Pro.local" time="0.007">
  <properties/>
  <testcase name="inputInvaildCancelFlagShouldBeInvaild" classname="com.tw.service.input.InputServicelmplTest" time="0.0"/>
  <testcase name="inputInlleagLengthShouldBeInvaild" classname="com.tw.service.input.InputServicelmplTest" time="0.001"/>
  <testcase name="inputInvaildTimeShouldBeRejected" classname="com.tw.service.input.InputServicelmplTest" time="0.001"/>
  <testcase name="inputVaildStringShouldBeCorrect" classname="com.tw.service.input.InputServicelmplTest" time="0.002"/>
  <testcase name="inputInvaildDateShouldBeRejected" classname="com.tw.service.input.InputServicelmplTest" time="0.001"/>
  <system-out><![CDATA[]]></system-out>
  <system-err><![CDATA[]]></system-err>
</testsuite>
