<?xml version="1.0" encoding="UTF-8"?>
<testsuite name="com.tw.controller.CourtControllerTest" tests="6" skipped="0" failures="0" errors="0" timestamp="2017-09-11T15:36:04" hostname="MacBook-Pro.local" time="0.029">
  <properties/>
  <testcase name="inputCanceledShouldbeError" classname="com.tw.controller.CourtControllerTest" time="0.01"/>
  <testcase name="inputInvaildDateTimeShouldbeInvaild" classname="com.tw.controller.CourtControllerTest" time="0.001"/>
  <testcase name="inputBookedShouldbeError" classname="com.tw.controller.CourtControllerTest" time="0.003"/>
  <testcase name="inputVaildDateTimeShouldbeSucess" classname="com.tw.controller.CourtControllerTest" time="0.003"/>
  <testcase name="inputInvaildStringShouldbeInvaild" classname="com.tw.controller.CourtControllerTest" time="0.001"/>
  <testcase name="inputCancelFlagShouldbeSucess" classname="com.tw.controller.CourtControllerTest" time="0.004"/>
  <system-out><![CDATA[]]></system-out>
  <system-err><![CDATA[]]></system-err>
</testsuite>
