<?xml version="1.0" encoding="UTF-8"?>
<testsuite name="com.tw.service.output.OutputServicelmplTest" tests="1" skipped="0" failures="0" errors="0" timestamp="2017-09-11T15:36:04" hostname="MacBook-Pro.local" time="0.001">
  <properties/>
  <testcase name="testOutput" classname="com.tw.service.output.OutputServicelmplTest" time="0.001"/>
  <system-out><![CDATA[]]></system-out>
  <system-err><![CDATA[]]></system-err>
</testsuite>
